0 info it worked if it ends with ok
1 verbose cli [ 'node', '/usr/local/bin/npm', 'install', '-g', 'docker-ci' ]
2 info using npm@2.7.0
3 info using node@v0.12.0
4 verbose node symlink /usr/local/bin/node
5 silly cache add args [ 'docker-ci', null ]
6 verbose cache add spec docker-ci
7 silly cache add parsed spec { raw: 'docker-ci',
7 silly cache add   scope: null,
7 silly cache add   name: null,
7 silly cache add   rawSpec: 'docker-ci',
7 silly cache add   spec: '/Users/nc/work/docker-ci/docker-ci/docker-ci',
7 silly cache add   type: 'local' }
8 silly addLocalTarball shasum (computed) 49380001925de28dc321e2fe57fe2a8818c076ed
9 verbose addTmpTarball /Users/nc/work/docker-ci/docker-ci/docker-ci not in flight; adding
10 verbose addTmpTarball validating metadata from /Users/nc/work/docker-ci/docker-ci/docker-ci
11 verbose tar unpack /Users/nc/work/docker-ci/docker-ci/docker-ci
12 verbose tar unpacking to /var/folders/t6/_qcmk01s74j79wxxcdxlplgr0000gp/T/npm-27261-92cee928/unpack-8a9a655519f5
13 verbose gentlyRm vacuuming /var/folders/t6/_qcmk01s74j79wxxcdxlplgr0000gp/T/npm-27261-92cee928/unpack-8a9a655519f5
14 silly gunzTarPerm modes [ '755', '644' ]
15 error not a package /Users/nc/work/docker-ci/docker-ci/docker-ci
16 error addLocal Could not install /Users/nc/work/docker-ci/docker-ci/docker-ci
17 verbose stack Error: ENOENT, open '/var/folders/t6/_qcmk01s74j79wxxcdxlplgr0000gp/T/npm-27261-92cee928/unpack-8a9a655519f5/package.json'
17 verbose stack     at Error (native)
18 verbose cwd /Users/nc/work/docker-ci/docker-ci
19 error Darwin 14.0.0
20 error argv "node" "/usr/local/bin/npm" "install" "-g" "docker-ci"
21 error node v0.12.0
22 error npm  v2.7.0
23 error path /var/folders/t6/_qcmk01s74j79wxxcdxlplgr0000gp/T/npm-27261-92cee928/unpack-8a9a655519f5/package.json
24 error code ENOENT
25 error errno -2
26 error enoent ENOENT, open '/var/folders/t6/_qcmk01s74j79wxxcdxlplgr0000gp/T/npm-27261-92cee928/unpack-8a9a655519f5/package.json'
26 error enoent This is most likely not a problem with npm itself
26 error enoent and is related to npm not being able to find a file.
27 verbose exit [ -2, true ]
